<?xml version="1.0" encoding="UTF-8"?>
<!-- Generated by org.testng.reporters.JUnitXMLReporter -->
<testsuite ignored="0" hostname="IMPETUS-NL235" failures="0" tests="5" name="Car Loan" time="0.082" errors="0" timestamp="2021-07-19T08:31:09 IST">
  <testcase classname="TestNGTutorial.Class3" name="apiLoginCarLoan" time="0.003"/>
  <testcase classname="TestNGTutorial.Class3" name="mobileLoginCarLoan" time="0.003"/>
  <testcase classname="TestNGTutorial.Class3" name="mobileLoginCarLoan" time="0.012"/>
  <testcase classname="TestNGTutorial.Class3" name="mobileLoginCarLoan" time="0.002"/>
  <testcase classname="TestNGTutorial.Class3" name="webLoginCarLoan" time="0.04"/>
</testsuite> <!-- Car Loan -->
