<?xml version="1.0" encoding="UTF-8"?>
<!-- Generated by org.testng.reporters.JUnitXMLReporter -->
<testsuite ignored="2" hostname="IMPETUS-NL235" failures="0" tests="1" name="Home Loan" time="0.01" errors="0" timestamp="2021-07-19T08:31:09 IST">
  <testcase classname="TestNGTutorial.Class4" name="webLoginHomeLoan" time="0.003"/>
  <testcase classname="TestNGTutorial.Class4" name="mobileLoginHomeLoan" time="0.0">
    <ignored/>
  </testcase> <!-- mobileLoginHomeLoan -->
  <testcase classname="TestNGTutorial.Class4" name="apiLoginHomeLoan" time="0.0">
    <ignored/>
  </testcase> <!-- apiLoginHomeLoan -->
</testsuite> <!-- Home Loan -->
