<?xml version="1.0" encoding="UTF-8"?>
<!-- Generated by org.testng.reporters.JUnitXMLReporter -->
<testsuite ignored="2" hostname="IMPETUS-NL235" failures="0" tests="2" name="Personal Loan" time="0.098" errors="0" timestamp="2021-07-19T08:31:08 IST">
  <testcase classname="TestNGTutorial.Class1" name="webLoginPersonalLoan" time="0.01"/>
  <testcase classname="TestNGTutorial.Class2" name="webLoginPersonalLoanMod1" time="0.003"/>
  <testcase classname="TestNGTutorial.Class1" name="mobileLoginPersonalLoan" time="0.0">
    <ignored/>
  </testcase> <!-- mobileLoginPersonalLoan -->
  <testcase classname="TestNGTutorial.Class2" name="mobileLoginPersonalLoanMod1" time="0.0">
    <ignored/>
  </testcase> <!-- mobileLoginPersonalLoanMod1 -->
</testsuite> <!-- Personal Loan -->
