<?xml version="1.0" encoding="UTF-8"?>
<testng-results ignored="0" total="1" passed="1" failed="0" skipped="0">
  <reporter-output>
  </reporter-output>
  <suite started-at="2021-07-21T11:59:15 IST" name="Default suite" finished-at="2021-07-21T11:59:49 IST" duration-ms="34036">
    <groups>
    </groups>
    <test started-at="2021-07-21T11:59:15 IST" name="Default test" finished-at="2021-07-21T11:59:49 IST" duration-ms="34036">
      <class name="page_tests.TestClass">
        <test-method signature="pageTest()[pri:0, instance:page_tests.TestClass@59af0466]" started-at="2021-07-21T11:59:15 IST" name="pageTest" finished-at="2021-07-21T11:59:49 IST" duration-ms="33954" status="PASS">
          <reporter-output>
          </reporter-output>
        </test-method> <!-- pageTest -->
      </class> <!-- page_tests.TestClass -->
    </test> <!-- Default test -->
  </suite> <!-- Default suite -->
</testng-results>
