<?xml version="1.0" encoding="UTF-8"?>
<!-- Generated by org.testng.reporters.JUnitXMLReporter -->
<testsuite hostname="IMPETUS-NL235" ignored="0" name="Car Loan" tests="5" failures="0" timestamp="2021-07-20T10:52:59 IST" time="0.11" errors="0">
  <testcase name="apiLoginCarLoan" time="0.003" classname="TestNGTutorial.Class3"/>
  <testcase name="mobileLoginCarLoan" time="0.001" classname="TestNGTutorial.Class3"/>
  <testcase name="mobileLoginCarLoan" time="0.0" classname="TestNGTutorial.Class3"/>
  <testcase name="mobileLoginCarLoan" time="0.0" classname="TestNGTutorial.Class3"/>
  <testcase name="webLoginCarLoan" time="0.016" classname="TestNGTutorial.Class3"/>
</testsuite> <!-- Car Loan -->
