<?xml version="1.0" encoding="UTF-8"?>
<!-- Generated by org.testng.reporters.JUnitXMLReporter -->
<testsuite hostname="IMPETUS-NL235" ignored="2" name="Home Loan" tests="1" failures="0" timestamp="2021-07-20T10:52:59 IST" time="0.004" errors="0">
  <testcase name="webLoginHomeLoan" time="0.0" classname="TestNGTutorial.Class4"/>
  <testcase name="mobileLoginHomeLoan" time="0.0" classname="TestNGTutorial.Class4">
    <ignored/>
  </testcase> <!-- mobileLoginHomeLoan -->
  <testcase name="apiLoginHomeLoan" time="0.0" classname="TestNGTutorial.Class4">
    <ignored/>
  </testcase> <!-- apiLoginHomeLoan -->
</testsuite> <!-- Home Loan -->
