<?xml version="1.0" encoding="UTF-8"?>
<!-- Generated by org.testng.reporters.JUnitXMLReporter -->
<testsuite hostname="IMPETUS-NL235" ignored="2" name="Personal Loan" tests="2" failures="0" timestamp="2021-07-20T10:52:59 IST" time="0.095" errors="0">
  <testcase name="webLoginPersonalLoan" time="0.002" classname="TestNGTutorial.Class1"/>
  <testcase name="webLoginPersonalLoanMod1" time="0.0" classname="TestNGTutorial.Class2"/>
  <testcase name="mobileLoginPersonalLoan" time="0.0" classname="TestNGTutorial.Class1">
    <ignored/>
  </testcase> <!-- mobileLoginPersonalLoan -->
  <testcase name="mobileLoginPersonalLoanMod1" time="0.0" classname="TestNGTutorial.Class2">
    <ignored/>
  </testcase> <!-- mobileLoginPersonalLoanMod1 -->
</testsuite> <!-- Personal Loan -->
