<?xml version="1.0" encoding="UTF-8"?>
<!-- Generated by org.testng.reporters.JUnitXMLReporter -->
<testsuite hostname="IMPETUS-NL235" ignored="6" name="Regression" tests="6" failures="1" timestamp="2021-07-19T11:49:36 IST" time="0.257" errors="0">
  <testcase name="webLoginPersonalLoan" time="0.0" classname="TestNGTutorial.Class1">
    <failure type="org.testng.TestNGException" message="
Parameter &amp;apos;url&amp;apos; is required by @Test on method webLoginPersonalLoan but has not been marked @Optional or defined
in D:\Selenium Learning\Selenium\testng3.xml">
      <![CDATA[org.testng.TestNGException: 
Parameter 'url' is required by @Test on method webLoginPersonalLoan but has not been marked @Optional or defined
in D:\Selenium Learning\Selenium\testng3.xml
at java.util.ArrayList.forEach(ArrayList.java:1257)
... Removed 30 stack frames]]>
    </failure>
  </testcase> <!-- webLoginPersonalLoan -->
  <testcase name="webLoginPersonalLoanMod1" time="0.012" classname="TestNGTutorial.Class2"/>
  <testcase name="mobileLoginCarLoan" time="0.001" classname="TestNGTutorial.Class3"/>
  <testcase name="mobileLoginCarLoan" time="0.0" classname="TestNGTutorial.Class3"/>
  <testcase name="mobileLoginCarLoan" time="0.001" classname="TestNGTutorial.Class3"/>
  <testcase name="webLoginHomeLoan" time="0.0" classname="TestNGTutorial.Class4"/>
  <testcase name="mobileLoginHomeLoan" time="0.0" classname="TestNGTutorial.Class4">
    <ignored/>
  </testcase> <!-- mobileLoginHomeLoan -->
  <testcase name="apiLoginCarLoan" time="0.0" classname="TestNGTutorial.Class3">
    <ignored/>
  </testcase> <!-- apiLoginCarLoan -->
  <testcase name="mobileLoginPersonalLoan" time="0.0" classname="TestNGTutorial.Class1">
    <ignored/>
  </testcase> <!-- mobileLoginPersonalLoan -->
  <testcase name="mobileLoginPersonalLoanMod1" time="0.0" classname="TestNGTutorial.Class2">
    <ignored/>
  </testcase> <!-- mobileLoginPersonalLoanMod1 -->
  <testcase name="webLoginCarLoan" time="0.0" classname="TestNGTutorial.Class3">
    <ignored/>
  </testcase> <!-- webLoginCarLoan -->
  <testcase name="apiLoginHomeLoan" time="0.0" classname="TestNGTutorial.Class4">
    <ignored/>
  </testcase> <!-- apiLoginHomeLoan -->
</testsuite> <!-- Regression -->
